#
# There is insufficient memory for the Java Runtime Environment to continue.
# Native memory allocation (malloc) failed to allocate 1048576 bytes for AllocateHeap
# Possible reasons:
#   The system is out of physical RAM or swap space
#   In 32 bit mode, the process size limit was hit
# Possible solutions:
#   Reduce memory load on the system
#   Increase physical memory or swap space
#   Check if swap backing store is full
#   Use 64 bit Java on a 64 bit OS
#   Decrease Java heap size (-Xmx/-Xms)
#   Decrease number of Java threads
#   Decrease Java thread stack sizes (-Xss)
#   Set larger code cache with -XX:ReservedCodeCacheSize=
# This output file may be truncated or incomplete.
#
#  Out of Memory Error (memory/allocation.inline.hpp:61), pid=8700, tid=2172
#
# JRE version:  (8.0_51-b16) (build )
# Java VM: Java HotSpot(TM) 64-Bit Server VM (25.51-b03 mixed mode windows-amd64 compressed oops)
# Failed to write core dump. Minidumps are not enabled by default on client versions of Windows
#

---------------  T H R E A D  ---------------

Current thread (0x0000000002170800):  JavaThread "Unknown thread" [_thread_in_vm, id=2172, stack(0x0000000001ee0000,0x0000000001fe0000)]

Stack: [0x0000000001ee0000,0x0000000001fe0000]
Native frames: (J=compiled Java code, j=interpreted, Vv=VM code, C=native code)
V  [jvm.dll+0x32b4ca]
V  [jvm.dll+0x2797e3]
V  [jvm.dll+0x27a479]
V  [jvm.dll+0x271765]
V  [jvm.dll+0x1606]
V  [jvm.dll+0x3c0822]
V  [jvm.dll+0x3eead2]
V  [jvm.dll+0x3eefdc]
V  [jvm.dll+0x3ea537]
V  [jvm.dll+0xf2c22]
V  [jvm.dll+0x20f0a9]
V  [jvm.dll+0x240d2a]
V  [jvm.dll+0x15b9a1]
C  [java.exe+0x216e]
C  [java.exe+0xcd07]
C  [java.exe+0xcd9b]
C  [KERNEL32.DLL+0x18102]
C  [ntdll.dll+0x5c2e4]


---------------  P R O C E S S  ---------------

Java Threads: ( => current thread )

Other Threads:

=>0x0000000002170800 (exited) JavaThread "Unknown thread" [_thread_in_vm, id=2172, stack(0x0000000001ee0000,0x0000000001fe0000)]

VM state:not at safepoint (normal execution)

VM Mutex/Monitor currently owned by a thread: None

Heap:
 PSYoungGen      total 38400K, used 665K [0x00000000eab00000, 0x00000000ed580000, 0x0000000100000000)
  eden space 33280K, 2% used [0x00000000eab00000,0x00000000eaba6670,0x00000000ecb80000)
  from space 5120K, 0% used [0x00000000ed080000,0x00000000ed080000,0x00000000ed580000)
  to   space 5120K, 0% used [0x00000000ecb80000,0x00000000ecb80000,0x00000000ed080000)
 ParOldGen       total 87552K, used 0K [0x00000000c0000000, 0x00000000c5580000, 0x00000000eab00000)
  object space 87552K, 0% used [0x00000000c0000000,0x00000000c0000000,0x00000000c5580000)
 Metaspace       used 766K, capacity 4480K, committed 4480K, reserved 1056768K
  class space    used 75K, capacity 384K, committed 384K, reserved 1048576K

Card table byte_map: [0x0000000011630000,0x0000000011840000] byte_map_base: 0x0000000011030000

Marking Bits: (ParMarkBitMap*) 0x0000000067724040
 Begin Bits: [0x0000000011da0000, 0x0000000012da0000)
 End Bits:   [0x0000000012da0000, 0x0000000013da0000)

Polling page: 0x0000000001e40000

CodeCache: size=245760Kb used=328Kb max_used=328Kb free=245431Kb
 bounds [0x0000000002270000, 0x00000000024e0000, 0x0000000011270000]
 total_blobs=57 nmethods=0 adapters=37
 compilation: enabled

Compilation events (0 events):
No events

GC Heap History (0 events):
No events

Deoptimization events (0 events):
No events

Internal exceptions (0 events):
No events

Events (10 events):
Event: 0.033 loading class java/lang/Short
Event: 0.033 loading class java/lang/Short done
Event: 0.033 loading class java/lang/Integer
Event: 0.033 loading class java/lang/Integer done
Event: 0.033 loading class java/lang/Long
Event: 0.033 loading class java/lang/Long done
Event: 0.034 loading class java/lang/NullPointerException
Event: 0.034 loading class java/lang/NullPointerException done
Event: 0.034 loading class java/lang/ArithmeticException
Event: 0.034 loading class java/lang/ArithmeticException done


Dynamic libraries:
0x00007ff60d700000 - 0x00007ff60d737000 	C:\Program Files\Java\jdk1.8.0_51\bin\java.exe
0x00007ffb708b0000 - 0x00007ffb70a71000 	C:\WINDOWS\SYSTEM32\ntdll.dll
0x00007ffb6ff50000 - 0x00007ffb6fffd000 	C:\WINDOWS\system32\KERNEL32.DLL
0x00007ffb6dac0000 - 0x00007ffb6dca8000 	C:\WINDOWS\system32\KERNELBASE.dll
0x00007ffb70300000 - 0x00007ffb703a7000 	C:\WINDOWS\system32\ADVAPI32.dll
0x00007ffb70200000 - 0x00007ffb7029d000 	C:\WINDOWS\system32\msvcrt.dll
0x00007ffb6f5c0000 - 0x00007ffb6f61b000 	C:\WINDOWS\system32\sechost.dll
0x00007ffb6f4a0000 - 0x00007ffb6f5bc000 	C:\WINDOWS\system32\RPCRT4.dll
0x00007ffb6dcd0000 - 0x00007ffb6de26000 	C:\WINDOWS\system32\USER32.dll
0x00007ffb6fb10000 - 0x00007ffb6fc96000 	C:\WINDOWS\system32\GDI32.dll
0x00007ffb67420000 - 0x00007ffb67694000 	C:\WINDOWS\WinSxS\amd64_microsoft.windows.common-controls_6595b64144ccf1df_6.0.10586.0_none_8c15ae12515e1c22\COMCTL32.dll
0x00007ffb6f780000 - 0x00007ffb6f9fd000 	C:\WINDOWS\system32\combase.dll
0x00007ffb6cf60000 - 0x00007ffb6cfca000 	C:\WINDOWS\system32\bcryptPrimitives.dll
0x00007ffb70060000 - 0x00007ffb7009b000 	C:\WINDOWS\system32\IMM32.DLL
0x00000000669c0000 - 0x0000000066a92000 	C:\Program Files\Java\jdk1.8.0_51\jre\bin\msvcr100.dll
0x0000000066f20000 - 0x00000000677a3000 	C:\Program Files\Java\jdk1.8.0_51\jre\bin\server\jvm.dll
0x00007ffb6ff40000 - 0x00007ffb6ff48000 	C:\WINDOWS\system32\PSAPI.DLL
0x00007ffb5cfe0000 - 0x00007ffb5cfe9000 	C:\WINDOWS\SYSTEM32\WSOCK32.dll
0x00007ffb6fd20000 - 0x00007ffb6fd8b000 	C:\WINDOWS\system32\WS2_32.dll
0x00007ffb6b150000 - 0x00007ffb6b173000 	C:\WINDOWS\SYSTEM32\WINMM.dll
0x00007ffb69ac0000 - 0x00007ffb69aca000 	C:\WINDOWS\SYSTEM32\VERSION.dll
0x00007ffb6b0f0000 - 0x00007ffb6b11c000 	C:\WINDOWS\SYSTEM32\WINMMBASE.dll
0x00007ffb6d090000 - 0x00007ffb6d0d3000 	C:\WINDOWS\system32\cfgmgr32.dll
0x0000000066e30000 - 0x0000000066e3f000 	C:\Program Files\Java\jdk1.8.0_51\jre\bin\verify.dll
0x0000000066e00000 - 0x0000000066e29000 	C:\Program Files\Java\jdk1.8.0_51\jre\bin\java.dll
0x0000000066de0000 - 0x0000000066df6000 	C:\Program Files\Java\jdk1.8.0_51\jre\bin\zip.dll
0x00007ffb49990000 - 0x00007ffb49b1c000 	C:\WINDOWS\SYSTEM32\dbghelp.dll

VM Arguments:
jvm_args: -Xmx1024M -Dfile.encoding=windows-1252 -Duser.country=US -Duser.language=en -Duser.variant 
java_command: com.android.dx.command.Main --dex --output C:\Users\littleBIG\Documents\AndroidStudioProjects\XYZReader\build\intermediates\pre-dexed\debug\internal_impl-23.0.0-cff2fbaf8c98dba6c5082a452edeab22e02a1e03.jar C:\Users\littleBIG\Documents\AndroidStudioProjects\XYZReader\build\intermediates\exploded-aar\com.android.support\support-v13\23.0.0\libs\internal_impl-23.0.0.jar
java_class_path (initial): C:\Users\littleBIG\AppData\Local\Android\sdk\build-tools\23.0.2\lib\dx.jar
Launcher Type: SUN_STANDARD

Environment Variables:
JAVA_HOME=C:\Program Files\Java\jdk1.8.0_51
PATH=C:\ProgramData\Oracle\Java\javapath;C:\Windows\system32;C:\Windows;C:\Windows\System32\Wbem;C:\Windows\System32\WindowsPowerShell\v1.0\;C:\Program Files (x86)\Git\cmd;C:\Users\littleBIG\AppData\Local\Android\sdk\platform-tools;C:\Program Files (x86)\NVIDIA Corporation\PhysX\Common;C:\gradle-2.8\bin;C:\WINDOWS\system32;C:\WINDOWS;C:\WINDOWS\System32\Wbem;C:\WINDOWS\System32\WindowsPowerShell\v1.0\
USERNAME=littleBIG
OS=Windows_NT
PROCESSOR_IDENTIFIER=Intel64 Family 6 Model 58 Stepping 9, GenuineIntel



---------------  S Y S T E M  ---------------

OS: Windows 10.0 , 64 bit Build 10586 (10.0.10586.0)

CPU:total 4 (4 cores per cpu, 1 threads per core) family 6 model 58 stepping 9, cmov, cx8, fxsr, mmx, sse, sse2, sse3, ssse3, sse4.1, sse4.2, popcnt, avx, aes, clmul, erms, tsc, tscinvbit, tscinv

Memory: 4k page, physical 8332652k(698412k free), swap 12526956k(335428k free)

vm_info: Java HotSpot(TM) 64-Bit Server VM (25.51-b03) for windows-amd64 JRE (1.8.0_51-b16), built on Jun  8 2015 18:03:07 by "java_re" with MS VC++ 10.0 (VS2010)

time: Wed Jan 13 14:51:24 2016
elapsed time: 0 seconds (0d 0h 0m 0s)

